2021-04-16 12:06:02.214 [main] DEBUG com.bjpowernode.dao.ShopDao.insertShop - ==>  Preparing: insert into tb_shop( owner_id, area_id, shop_category_id, shop_name, shop_desc, shop_addr, phone, shop_img, priority, create_time, last_edit_time, enable_status, advice ) values ( ?, ?, ?, ?, ?, ?, ?, ?, ?, ?, ?, ?, ? ) 
2021-04-16 12:06:02.235 [main] DEBUG com.bjpowernode.dao.ShopDao.insertShop - ==> Parameters: 1(Long), 1(Integer), 1(Long), null, null, null, null, null, null, null, null, null, null
2021-04-16 12:07:33.205 [main] DEBUG com.bjpowernode.dao.ShopDao.insertShop - ==>  Preparing: insert into tb_shop( owner_id, area_id, shop_category_id, shop_name, shop_desc, shop_addr, phone, shop_img, priority, create_time, last_edit_time, enable_status, advice ) values ( ?, ?, ?, ?, ?, ?, ?, ?, ?, ?, ?, ?, ? ) 
2021-04-16 12:07:33.221 [main] DEBUG com.bjpowernode.dao.ShopDao.insertShop - ==> Parameters: 1(Long), 1(Integer), 1(Long), 奶茶店铺(String), 奶茶店铺(String), test(String), null, test(String), null, null, null, null, null
2021-04-16 12:08:02.173 [main] DEBUG com.bjpowernode.dao.ShopDao.insertShop - ==>  Preparing: insert into tb_shop( owner_id, area_id, shop_category_id, shop_name, shop_desc, shop_addr, phone, shop_img, priority, create_time, last_edit_time, enable_status, advice ) values ( ?, ?, ?, ?, ?, ?, ?, ?, ?, ?, ?, ?, ? ) 
2021-04-16 12:08:02.194 [main] DEBUG com.bjpowernode.dao.ShopDao.insertShop - ==> Parameters: 1(Long), 1(Integer), 1(Long), 奶茶店铺(String), 奶茶店铺(String), test(String), null, test(String), null, null, null, 1(Integer), null
2021-04-16 12:09:59.313 [main] DEBUG com.bjpowernode.dao.ShopDao.insertShop - ==>  Preparing: insert into tb_shop( owner_id, area_id, shop_category_id, shop_name, shop_desc, shop_addr, phone, shop_img, priority, create_time, last_edit_time, enable_status, advice ) values ( ?, ?, ?, ?, ?, ?, ?, ?, ?, ?, ?, ?, ? ) 
2021-04-16 12:09:59.333 [main] DEBUG com.bjpowernode.dao.ShopDao.insertShop - ==> Parameters: 1(Long), 1(Integer), 1(Long), 奶茶店铺(String), 奶茶店铺(String), test(String), null, test(String), null, null, null, 1(Integer), null
2021-04-16 12:09:59.335 [main] DEBUG com.bjpowernode.dao.ShopDao.insertShop - <==    Updates: 1
2021-04-16 12:45:43.345 [main] DEBUG com.bjpowernode.dao.ShopDao.updateShop - ==>  Preparing: update tb_shop SET shop_name = ?, shop_addr = ?, shop_img = ?, enable_status = ? where shop_id=? 
2021-04-16 12:45:43.360 [main] DEBUG com.bjpowernode.dao.ShopDao.updateShop - ==> Parameters: 奶茶店铺2(String), test(String), test(String), 1(Integer), 1(Long)
2021-04-16 12:45:43.360 [main] DEBUG com.bjpowernode.dao.ShopDao.updateShop - <==    Updates: 0
2021-04-16 12:46:49.930 [main] DEBUG com.bjpowernode.dao.ShopDao.updateShop - ==>  Preparing: update tb_shop SET shop_name = ?, shop_addr = ?, shop_img = ?, enable_status = ? where shop_id=? 
2021-04-16 12:46:49.946 [main] DEBUG com.bjpowernode.dao.ShopDao.updateShop - ==> Parameters: 奶茶店铺2(String), test(String), test(String), 1(Integer), 2(Long)
2021-04-16 12:46:49.948 [main] DEBUG com.bjpowernode.dao.ShopDao.updateShop - <==    Updates: 1
2021-04-16 20:35:50.821 [main] DEBUG com.bjpowernode.dao.ShopDao.insertShop - ==>  Preparing: insert into tb_shop( owner_id, area_id, shop_category_id, shop_name, shop_desc, shop_addr, phone, shop_img, priority, create_time, last_edit_time, enable_status, advice ) values ( ?, ?, ?, ?, ?, ?, ?, ?, ?, ?, ?, ?, ? ) 
2021-04-16 20:35:50.838 [main] DEBUG com.bjpowernode.dao.ShopDao.insertShop - ==> Parameters: 1(Long), 3(Integer), 1(Long), 奶茶店铺3(String), 奶茶店铺3(String), test3(String), null, null, null, 2021-04-16 20:35:50.809(Timestamp), 2021-04-16 20:35:50.809(Timestamp), 0(Integer), 审核中(String)
2021-04-16 20:35:50.838 [main] DEBUG com.bjpowernode.dao.ShopDao.insertShop - <==    Updates: 1
2021-04-16 20:35:50.843 [main] DEBUG com.bjpowernode.util.ImageUtil - current relativeAddr is :/upload/item/shop/3/2021041620355039650.png
2021-04-16 20:35:50.843 [main] DEBUG com.bjpowernode.util.ImageUtil - current complete addr is:/home/rei/o2o/images//upload/item/shop/3/2021041620355039650.png
2021-04-16 20:35:50.867 [main] DEBUG com.bjpowernode.dao.ShopDao.updateShop - ==>  Preparing: update tb_shop SET shop_name = ?, shop_desc = ?, shop_addr = ?, shop_img = ?, last_edit_time = ?, enable_status = ?, advice = ?, area_id = ?, shop_category_id = ? where shop_id=? 
2021-04-16 20:35:50.868 [main] DEBUG com.bjpowernode.dao.ShopDao.updateShop - ==> Parameters: 奶茶店铺3(String), 奶茶店铺3(String), test3(String), /upload/item/shop/3/2021041620355039650.png(String), 2021-04-16 20:35:50.809(Timestamp), 0(Integer), 审核中(String), 3(Integer), 1(Long), 3(Long)
2021-04-16 20:35:50.872 [main] DEBUG com.bjpowernode.dao.ShopDao.updateShop - <==    Updates: 1
2021-04-16 20:36:37.840 [main] DEBUG com.bjpowernode.dao.ShopDao.insertShop - ==>  Preparing: insert into tb_shop( owner_id, area_id, shop_category_id, shop_name, shop_desc, shop_addr, phone, shop_img, priority, create_time, last_edit_time, enable_status, advice ) values ( ?, ?, ?, ?, ?, ?, ?, ?, ?, ?, ?, ?, ? ) 
2021-04-16 20:36:37.857 [main] DEBUG com.bjpowernode.dao.ShopDao.insertShop - ==> Parameters: 1(Long), 3(Integer), 1(Long), 奶茶店铺3(String), 奶茶店铺3(String), test3(String), null, null, null, 2021-04-16 20:36:37.827(Timestamp), 2021-04-16 20:36:37.827(Timestamp), 0(Integer), 审核中(String)
2021-04-16 20:36:37.858 [main] DEBUG com.bjpowernode.dao.ShopDao.insertShop - <==    Updates: 1
2021-04-16 20:36:37.862 [main] DEBUG com.bjpowernode.util.ImageUtil - current relativeAddr is :/upload/item/shop/4/2021041620363720896.png
2021-04-16 20:36:37.862 [main] DEBUG com.bjpowernode.util.ImageUtil - current complete addr is:/home/rei/o2o/images//upload/item/shop/4/2021041620363720896.png
2021-04-16 20:36:37.886 [main] DEBUG com.bjpowernode.dao.ShopDao.updateShop - ==>  Preparing: update tb_shop SET shop_name = ?, shop_desc = ?, shop_addr = ?, shop_img = ?, last_edit_time = ?, enable_status = ?, advice = ?, area_id = ?, shop_category_id = ? where shop_id=? 
2021-04-16 20:36:37.887 [main] DEBUG com.bjpowernode.dao.ShopDao.updateShop - ==> Parameters: 奶茶店铺3(String), 奶茶店铺3(String), test3(String), /upload/item/shop/4/2021041620363720896.png(String), 2021-04-16 20:36:37.827(Timestamp), 0(Integer), 审核中(String), 3(Integer), 1(Long), 4(Long)
2021-04-16 20:36:37.887 [main] DEBUG com.bjpowernode.dao.ShopDao.updateShop - <==    Updates: 1
2021-04-16 20:37:02.237 [main] DEBUG com.bjpowernode.dao.ShopDao.insertShop - ==>  Preparing: insert into tb_shop( owner_id, area_id, shop_category_id, shop_name, shop_desc, shop_addr, phone, shop_img, priority, create_time, last_edit_time, enable_status, advice ) values ( ?, ?, ?, ?, ?, ?, ?, ?, ?, ?, ?, ?, ? ) 
2021-04-16 20:37:02.253 [main] DEBUG com.bjpowernode.dao.ShopDao.insertShop - ==> Parameters: 1(Long), 3(Integer), 1(Long), 奶茶店铺3(String), 奶茶店铺3(String), test3(String), null, null, null, 2021-04-16 20:37:02.223(Timestamp), 2021-04-16 20:37:02.223(Timestamp), 0(Integer), 审核中(String)
2021-04-16 20:37:02.254 [main] DEBUG com.bjpowernode.dao.ShopDao.insertShop - <==    Updates: 1
2021-04-16 20:37:02.259 [main] DEBUG com.bjpowernode.util.ImageUtil - current relativeAddr is :/upload/item/shop/5/2021041620370248303.png
2021-04-16 20:37:02.259 [main] DEBUG com.bjpowernode.util.ImageUtil - current complete addr is:/home/rei/o2o/images//upload/item/shop/5/2021041620370248303.png
2021-04-16 20:37:02.283 [main] DEBUG com.bjpowernode.dao.ShopDao.updateShop - ==>  Preparing: update tb_shop SET shop_name = ?, shop_desc = ?, shop_addr = ?, shop_img = ?, last_edit_time = ?, enable_status = ?, advice = ?, area_id = ?, shop_category_id = ? where shop_id=? 
2021-04-16 20:37:02.283 [main] DEBUG com.bjpowernode.dao.ShopDao.updateShop - ==> Parameters: 奶茶店铺3(String), 奶茶店铺3(String), test3(String), /upload/item/shop/5/2021041620370248303.png(String), 2021-04-16 20:37:02.223(Timestamp), 0(Integer), 审核中(String), 3(Integer), 1(Long), 5(Long)
2021-04-16 20:37:02.283 [main] DEBUG com.bjpowernode.dao.ShopDao.updateShop - <==    Updates: 1
2021-04-16 20:38:45.717 [main] DEBUG com.bjpowernode.dao.ShopDao.insertShop - ==>  Preparing: insert into tb_shop( owner_id, area_id, shop_category_id, shop_name, shop_desc, shop_addr, phone, shop_img, priority, create_time, last_edit_time, enable_status, advice ) values ( ?, ?, ?, ?, ?, ?, ?, ?, ?, ?, ?, ?, ? ) 
2021-04-16 20:38:45.735 [main] DEBUG com.bjpowernode.dao.ShopDao.insertShop - ==> Parameters: 1(Long), 3(Integer), 1(Long), 奶茶店铺3(String), 奶茶店铺3(String), test3(String), null, null, null, 2021-04-16 20:38:45.703(Timestamp), 2021-04-16 20:38:45.703(Timestamp), 0(Integer), 审核中(String)
2021-04-16 20:38:45.735 [main] DEBUG com.bjpowernode.dao.ShopDao.insertShop - <==    Updates: 1
2021-04-16 20:38:45.740 [main] DEBUG com.bjpowernode.util.ImageUtil - current relativeAddr is :/upload/item/shop/6/2021041620384593784.png
2021-04-16 20:38:45.740 [main] DEBUG com.bjpowernode.util.ImageUtil - current complete addr is:/home/rei/o2o/images//upload/item/shop/6/2021041620384593784.png
2021-04-16 20:38:45.812 [main] DEBUG com.bjpowernode.dao.ShopDao.updateShop - ==>  Preparing: update tb_shop SET shop_name = ?, shop_desc = ?, shop_addr = ?, shop_img = ?, last_edit_time = ?, enable_status = ?, advice = ?, area_id = ?, shop_category_id = ? where shop_id=? 
2021-04-16 20:38:45.812 [main] DEBUG com.bjpowernode.dao.ShopDao.updateShop - ==> Parameters: 奶茶店铺3(String), 奶茶店铺3(String), test3(String), /upload/item/shop/6/2021041620384593784.png(String), 2021-04-16 20:38:45.703(Timestamp), 0(Integer), 审核中(String), 3(Integer), 1(Long), 6(Long)
2021-04-16 20:38:45.813 [main] DEBUG com.bjpowernode.dao.ShopDao.updateShop - <==    Updates: 1
2021-04-16 20:40:59.787 [main] DEBUG com.bjpowernode.dao.ShopDao.insertShop - ==>  Preparing: insert into tb_shop( owner_id, area_id, shop_category_id, shop_name, shop_desc, shop_addr, phone, shop_img, priority, create_time, last_edit_time, enable_status, advice ) values ( ?, ?, ?, ?, ?, ?, ?, ?, ?, ?, ?, ?, ? ) 
2021-04-16 20:40:59.804 [main] DEBUG com.bjpowernode.dao.ShopDao.insertShop - ==> Parameters: 1(Long), 3(Integer), 1(Long), 奶茶店铺3(String), 奶茶店铺3(String), test3(String), null, null, null, 2021-04-16 20:40:59.774(Timestamp), 2021-04-16 20:40:59.774(Timestamp), 0(Integer), 审核中(String)
2021-04-16 20:40:59.805 [main] DEBUG com.bjpowernode.dao.ShopDao.insertShop - <==    Updates: 1
2021-04-16 20:40:59.810 [main] DEBUG com.bjpowernode.util.ImageUtil - current relativeAddr is :/upload/item/shop/7/2021041620405913801.png
2021-04-16 20:40:59.810 [main] DEBUG com.bjpowernode.util.ImageUtil - current complete addr is:/home/rei/o2o/images//upload/item/shop/7/2021041620405913801.png
2021-04-16 20:40:59.879 [main] DEBUG com.bjpowernode.dao.ShopDao.updateShop - ==>  Preparing: update tb_shop SET shop_name = ?, shop_desc = ?, shop_addr = ?, shop_img = ?, last_edit_time = ?, enable_status = ?, advice = ?, area_id = ?, shop_category_id = ? where shop_id=? 
2021-04-16 20:40:59.880 [main] DEBUG com.bjpowernode.dao.ShopDao.updateShop - ==> Parameters: 奶茶店铺3(String), 奶茶店铺3(String), test3(String), /upload/item/shop/7/2021041620405913801.png(String), 2021-04-16 20:40:59.774(Timestamp), 0(Integer), 审核中(String), 3(Integer), 1(Long), 7(Long)
2021-04-16 20:40:59.880 [main] DEBUG com.bjpowernode.dao.ShopDao.updateShop - <==    Updates: 1
2021-04-16 20:42:41.200 [main] DEBUG com.bjpowernode.dao.ShopDao.insertShop - ==>  Preparing: insert into tb_shop( owner_id, area_id, shop_category_id, shop_name, shop_desc, shop_addr, phone, shop_img, priority, create_time, last_edit_time, enable_status, advice ) values ( ?, ?, ?, ?, ?, ?, ?, ?, ?, ?, ?, ?, ? ) 
2021-04-16 20:42:41.217 [main] DEBUG com.bjpowernode.dao.ShopDao.insertShop - ==> Parameters: 1(Long), 3(Integer), 1(Long), 奶茶店铺3(String), 奶茶店铺3(String), test3(String), null, null, null, 2021-04-16 20:42:41.184(Timestamp), 2021-04-16 20:42:41.184(Timestamp), 0(Integer), 审核中(String)
2021-04-16 20:42:41.217 [main] DEBUG com.bjpowernode.dao.ShopDao.insertShop - <==    Updates: 1
2021-04-16 20:42:41.222 [main] DEBUG com.bjpowernode.util.ImageUtil - current relativeAddr is :/upload/item/shop/8/2021041620424121280.png
2021-04-16 20:42:41.222 [main] DEBUG com.bjpowernode.util.ImageUtil - current complete addr is:/home/rei/o2o/images//upload/item/shop/8/2021041620424121280.png
2021-04-16 20:42:41.306 [main] DEBUG com.bjpowernode.dao.ShopDao.updateShop - ==>  Preparing: update tb_shop SET shop_name = ?, shop_desc = ?, shop_addr = ?, shop_img = ?, last_edit_time = ?, enable_status = ?, advice = ?, area_id = ?, shop_category_id = ? where shop_id=? 
2021-04-16 20:42:41.307 [main] DEBUG com.bjpowernode.dao.ShopDao.updateShop - ==> Parameters: 奶茶店铺3(String), 奶茶店铺3(String), test3(String), /upload/item/shop/8/2021041620424121280.png(String), 2021-04-16 20:42:41.184(Timestamp), 0(Integer), 审核中(String), 3(Integer), 1(Long), 8(Long)
2021-04-16 20:42:41.308 [main] DEBUG com.bjpowernode.dao.ShopDao.updateShop - <==    Updates: 1
